ID	logFC	AveExpr	t	P.Value	adj.P.Val	B
1110038F14Rik	1	0	0	0	0	0
1700017B05Rik	1	0	0	0	0	0
1700025G04Rik	1	0	0	0	0	0
2610002J02Rik	1	0	0	0	0	0
4930523C07Rik	1	0	0	0	0	0
5730559C18Rik	1	0	0	0	0	0
6330416G13Rik	1	0	0	0	0	0
9130401M01Rik	1	0	0	0	0	0
9430020K01Rik	1	0	0	0	0	0
A4galt	1	0	0	0	0	0
A630076J17Rik	1	0	0	0	0	0
Abca8b	1	0	0	0	0	0
Abhd13	1	0	0	0	0	0
Ackr3	1	0	0	0	0	0
Acox3	1	0	0	0	0	0
Actc1	1	0	0	0	0	0
Adck3	1	0	0	0	0	0
Adora1	1	0	0	0	0	0
Adss	1	0	0	0	0	0
Agpat3	1	0	0	0	0	0
Aldh3a2	1	0	0	0	0	0
Alkbh3	1	0	0	0	0	0
Ammecr1	1	0	0	0	0	0
Amn1	1	0	0	0	0	0
Amotl2	1	0	0	0	0	0
Ampd3	1	0	0	0	0	0
Ang	1	0	0	0	0	0
Ankrd1	1	0	0	0	0	0
Ankrd46	1	0	0	0	0	0
Ankrd50	1	0	0	0	0	0
Anxa11	1	0	0	0	0	0
Ap1ar	1	0	0	0	0	0
Apool	1	0	0	0	0	0
Arhgap12	1	0	0	0	0	0
Arhgap28	1	0	0	0	0	0
Arhgap29	1	0	0	0	0	0
Arhgef5	1	0	0	0	0	0
Arhgef7	1	0	0	0	0	0
Arid5b	1	0	0	0	0	0
Arl1	1	0	0	0	0	0
Arl4c	1	0	0	0	0	0
Arl5a	1	0	0	0	0	0
Arpp21	1	0	0	0	0	0
Arrb1	1	0	0	0	0	0
Asap1	1	0	0	0	0	0
Asb1	1	0	0	0	0	0
Asb2	1	0	0	0	0	0
Aspscr1	1	0	0	0	0	0
Atg101	1	0	0	0	0	0
Atg12	1	0	0	0	0	0
Atg4c	1	0	0	0	0	0
Atp1a1	1	0	0	0	0	0
Atp1b1	1	0	0	0	0	0
Atp8b2	1	0	0	0	0	0
Azi2	1	0	0	0	0	0
B4galt1	1	0	0	0	0	0
Bcl6	1	0	0	0	0	0
Bcor	1	0	0	0	0	0
Bik	1	0	0	0	0	0
Bod1	1	0	0	0	0	0
Bod1l	1	0	0	0	0	0
Btbd17	1	0	0	0	0	0
C1qtnf3	1	0	0	0	0	0
C1qtnf6	1	0	0	0	0	0
Caap1	1	0	0	0	0	0
Cab39	1	0	0	0	0	0
Cables1	1	0	0	0	0	0
Cables2	1	0	0	0	0	0
Cacng1	1	0	0	0	0	0
Calcoco1	1	0	0	0	0	0
Camk2a	1	0	0	0	0	0
Cand1	1	0	0	0	0	0
Capg	1	0	0	0	0	0
Casq2	1	0	0	0	0	0
Cat	1	0	0	0	0	0
Cbx2	1	0	0	0	0	0
Cbx4	1	0	0	0	0	0
Ccar1	1	0	0	0	0	0
Ccdc112	1	0	0	0	0	0
Ccdc6	1	0	0	0	0	0
Ccdc80	1	0	0	0	0	0
Ccne1	1	0	0	0	0	0
Ccsap	1	0	0	0	0	0
Cd164	1	0	0	0	0	0
Cd200	1	0	0	0	0	0
Cd24a	1	0	0	0	0	0
Cd34	1	0	0	0	0	0
Cd36	1	0	0	0	0	0
Cdc42ep3	1	0	0	0	0	0
Cdc45	1	0	0	0	0	0
Cdh13	1	0	0	0	0	0
Cdk5rap3	1	0	0	0	0	0
Cdkn1a	1	0	0	0	0	0
Cdv3	1	0	0	0	0	0
Cep350	1	0	0	0	0	0
Cep85l	1	0	0	0	0	0
Cfap20	1	0	0	0	0	0
Chic2	1	0	0	0	0	0
Chmp4b	1	0	0	0	0	0
Chrd	1	0	0	0	0	0
Chst7	1	0	0	0	0	0
Clec2d	1	0	0	0	0	0
Cmah	1	0	0	0	0	0
Cmklr1	1	0	0	0	0	0
Cnot2	1	0	0	0	0	0
Col1a2	1	0	0	0	0	0
Cops8	1	0	0	0	0	0
Cpped1	1	0	0	0	0	0
Cpsf6	1	0	0	0	0	0
Csnk1a1	1	0	0	0	0	0
Csnk2a2	1	0	0	0	0	0
Ctcfl	1	0	0	0	0	0
Ctxn3	1	0	0	0	0	0
Cul3	1	0	0	0	0	0
Cxcl1	1	0	0	0	0	0
Cxcl13	1	0	0	0	0	0
Cxcr4	1	0	0	0	0	0
Cxx1a	1	0	0	0	0	0
D930015E06Rik	1	0	0	0	0	0
Dab2	1	0	0	0	0	0
Dagla	1	0	0	0	0	0
Dcbld2	1	0	0	0	0	0
Dclk1	1	0	0	0	0	0
Dcn	1	0	0	0	0	0
Ddit4	1	0	0	0	0	0
Dennd5b	1	0	0	0	0	0
Dhrs4	1	0	0	0	0	0
Dis3l2	1	0	0	0	0	0
Dkk2	1	0	0	0	0	0
Dll1	1	0	0	0	0	0
Dnaaf5	1	0	0	0	0	0
Dnajb6	1	0	0	0	0	0
Dnajc13	1	0	0	0	0	0
Dscr3	1	0	0	0	0	0
Dusp1	1	0	0	0	0	0
Dusp10	1	0	0	0	0	0
Dynap	1	0	0	0	0	0
Dyrk2	1	0	0	0	0	0
Eda2r	1	0	0	0	0	0
Eed	1	0	0	0	0	0
Egfl7	1	0	0	0	0	0
Egln3	1	0	0	0	0	0
Ehbp1	1	0	0	0	0	0
Ehd3	1	0	0	0	0	0
Eif1b	1	0	0	0	0	0
Eif4a3	1	0	0	0	0	0
Eif4g2	1	0	0	0	0	0
Emp2	1	0	0	0	0	0
Enah	1	0	0	0	0	0
Enc1	1	0	0	0	0	0
Etv4	1	0	0	0	0	0
Eya3	1	0	0	0	0	0
Fabp5	1	0	0	0	0	0
Fam107a	1	0	0	0	0	0
Fam120a	1	0	0	0	0	0
Fam131c	1	0	0	0	0	0
Fam20a	1	0	0	0	0	0
Fam43a	1	0	0	0	0	0
Fam53a	1	0	0	0	0	0
Fbrsl1	1	0	0	0	0	0
Fbxo31	1	0	0	0	0	0
Fbxw7	1	0	0	0	0	0
Fchsd2	1	0	0	0	0	0
Fem1c	1	0	0	0	0	0
Fgfrl1	1	0	0	0	0	0
Fggy	1	0	0	0	0	0
Fhl2	1	0	0	0	0	0
Fibcd1	1	0	0	0	0	0
Flrt2	1	0	0	0	0	0
Fndc1	1	0	0	0	0	0
Fndc3b	1	0	0	0	0	0
Foxj3	1	0	0	0	0	0
Foxq1	1	0	0	0	0	0
Frmd6	1	0	0	0	0	0
Fst	1	0	0	0	0	0
Fundc1	1	0	0	0	0	0
Fut8	1	0	0	0	0	0
Fyn	1	0	0	0	0	0
Fzd2	1	0	0	0	0	0
Fzd7	1	0	0	0	0	0
Gadd45a	1	0	0	0	0	0
Gadd45g	1	0	0	0	0	0
Galnt15	1	0	0	0	0	0
Galnt18	1	0	0	0	0	0
Gas1	1	0	0	0	0	0
Gcat	1	0	0	0	0	0
Gem	1	0	0	0	0	0
Ghr	1	0	0	0	0	0
Gins3	1	0	0	0	0	0
Glcci1	1	0	0	0	0	0
Glt28d2	1	0	0	0	0	0
Glul	1	0	0	0	0	0
Gm5148	1	0	0	0	0	0
Gm7325	1	0	0	0	0	0
Gnai3	1	0	0	0	0	0
Gpr155	1	0	0	0	0	0
Gprc5c	1	0	0	0	0	0
Grtp1	1	0	0	0	0	0
Gss	1	0	0	0	0	0
Gypc	1	0	0	0	0	0
Has2	1	0	0	0	0	0
Hba-a1	1	0	0	0	0	0
Hdac4	1	0	0	0	0	0
Heatr1	1	0	0	0	0	0
Herc1	1	0	0	0	0	0
Herpud1	1	0	0	0	0	0
Herpud2	1	0	0	0	0	0
Hes1	1	0	0	0	0	0
Hexdc	1	0	0	0	0	0
Hey1	1	0	0	0	0	0
Higd1a	1	0	0	0	0	0
Hist2h3c2	1	0	0	0	0	0
Hmgn1	1	0	0	0	0	0
Hmgn3	1	0	0	0	0	0
Hmgxb4	1	0	0	0	0	0
Hnrnpk	1	0	0	0	0	0
Hprt	1	0	0	0	0	0
Hs6st1	1	0	0	0	0	0
Htra3	1	0	0	0	0	0
Iba57	1	0	0	0	0	0
Ice1	1	0	0	0	0	0
Ier5l	1	0	0	0	0	0
Igf2	1	0	0	0	0	0
Igfbp5	1	0	0	0	0	0
Igsf3	1	0	0	0	0	0
Igtp	1	0	0	0	0	0
Il15	1	0	0	0	0	0
Ino80c	1	0	0	0	0	0
Ins2	1	0	0	0	0	0
Irf2bp2	1	0	0	0	0	0
Irx5	1	0	0	0	0	0
Itga11	1	0	0	0	0	0
Itga6	1	0	0	0	0	0
Itgb1	1	0	0	0	0	0
Jade1	1	0	0	0	0	0
Jph1	1	0	0	0	0	0
Jund	1	0	0	0	0	0
Kcnk5	1	0	0	0	0	0
Kcnq4	1	0	0	0	0	0
Kif1b	1	0	0	0	0	0
Kif21b	1	0	0	0	0	0
Kif2a	1	0	0	0	0	0
Kifc3	1	0	0	0	0	0
Klf2	1	0	0	0	0	0
Klf3	1	0	0	0	0	0
Klf4	1	0	0	0	0	0
Klf5	1	0	0	0	0	0
Klhl31	1	0	0	0	0	0
Klhl36	1	0	0	0	0	0
Ktn1	1	0	0	0	0	0
Laptm4a	1	0	0	0	0	0
Laptm4b	1	0	0	0	0	0
Lbp	1	0	0	0	0	0
Lfng	1	0	0	0	0	0
Lifr	1	0	0	0	0	0
Lima1	1	0	0	0	0	0
Lin9	1	0	0	0	0	0
Lmo4	1	0	0	0	0	0
Lmod2	1	0	0	0	0	0
Lonp2	1	0	0	0	0	0
Loxl1	1	0	0	0	0	0
Lpp	1	0	0	0	0	0
Lrrk1	1	0	0	0	0	0
Lrrn1	1	0	0	0	0	0
Lsp1	1	0	0	0	0	0
Ltbp1	1	0	0	0	0	0
Lyplal1	1	0	0	0	0	0
Lyst	1	0	0	0	0	0
Mafa	1	0	0	0	0	0
Mamdc2	1	0	0	0	0	0
Man2a1	1	0	0	0	0	0
Manba	1	0	0	0	0	0
Maoa	1	0	0	0	0	0
Map3k4	1	0	0	0	0	0
Map3k7cl	1	0	0	0	0	0
March11	1	0	0	0	0	0
Marcks	1	0	0	0	0	0
Mat2a	1	0	0	0	0	0
Max	1	0	0	0	0	0
Mb	1	0	0	0	0	0
Med21	1	0	0	0	0	0
Med30	1	0	0	0	0	0
Medag	1	0	0	0	0	0
Mef2a	1	0	0	0	0	0
Megf9	1	0	0	0	0	0
Metap2	1	0	0	0	0	0
Mex3b	1	0	0	0	0	0
Mfsd7a	1	0	0	0	0	0
Mipep	1	0	0	0	0	0
Mis18a	1	0	0	0	0	0
Mkln1	1	0	0	0	0	0
Mllt10	1	0	0	0	0	0
Mmp15	1	0	0	0	0	0
Mns1	1	0	0	0	0	0
Mob1b	1	0	0	0	0	0
Mrgprf	1	0	0	0	0	0
Mrpl23	1	0	0	0	0	0
Mrpl33	1	0	0	0	0	0
Mrpl39	1	0	0	0	0	0
Msh2	1	0	0	0	0	0
Mta3	1	0	0	0	0	0
Mtch1	1	0	0	0	0	0
Mtdh	1	0	0	0	0	0
Mtmr4	1	0	0	0	0	0
Mtmr7	1	0	0	0	0	0
Mtss1	1	0	0	0	0	0
Mybph	1	0	0	0	0	0
Myeov2	1	0	0	0	0	0
Myh10	1	0	0	0	0	0
Myh2	1	0	0	0	0	0
Myh3	1	0	0	0	0	0
Myl1	1	0	0	0	0	0
Myl2	1	0	0	0	0	0
Mylip	1	0	0	0	0	0
Myod1	1	0	0	0	0	0
Myof	1	0	0	0	0	0
Myog	1	0	0	0	0	0
Myzap	1	0	0	0	0	0
Nagpa	1	0	0	0	0	0
Ncam1	1	0	0	0	0	0
Ncor2	1	0	0	0	0	0
Ndrg1	1	0	0	0	0	0
Ndufa13	1	0	0	0	0	0
Neb	1	0	0	0	0	0
Nedd1	1	0	0	0	0	0
Nedd4l	1	0	0	0	0	0
Nek6	1	0	0	0	0	0
Nelfcd	1	0	0	0	0	0
Net1	1	0	0	0	0	0
Nfib	1	0	0	0	0	0
Nipbl	1	0	0	0	0	0
Nkd2	1	0	0	0	0	0
Nmrk2	1	0	0	0	0	0
Noc4l	1	0	0	0	0	0
Notch1	1	0	0	0	0	0
Nov	1	0	0	0	0	0
Nr2f2	1	0	0	0	0	0
Nt5e	1	0	0	0	0	0
Nuak1	1	0	0	0	0	0
Nub1	1	0	0	0	0	0
Nufip1	1	0	0	0	0	0
Nxt1	1	0	0	0	0	0
Obscn	1	0	0	0	0	0
Opa1	1	0	0	0	0	0
Palld	1	0	0	0	0	0
Parp1	1	0	0	0	0	0
Parp9	1	0	0	0	0	0
Pbk	1	0	0	0	0	0
Pccb	1	0	0	0	0	0
Pcdh18	1	0	0	0	0	0
Pced1b	1	0	0	0	0	0
Pcgf5	1	0	0	0	0	0
Pdp1	1	0	0	0	0	0
Pdzrn3	1	0	0	0	0	0
Peli2	1	0	0	0	0	0
Pgrmc2	1	0	0	0	0	0
Picalm	1	0	0	0	0	0
Pick1	1	0	0	0	0	0
Pigm	1	0	0	0	0	0
Pigp	1	0	0	0	0	0
Pim1	1	0	0	0	0	0
Pkhd1	1	0	0	0	0	0
Pkn2	1	0	0	0	0	0
Pkp1	1	0	0	0	0	0
Pla2g15	1	0	0	0	0	0
Pld1	1	0	0	0	0	0
Plek2	1	0	0	0	0	0
Plekha2	1	0	0	0	0	0
Plekhg5	1	0	0	0	0	0
Plekhh1	1	0	0	0	0	0
Plod2	1	0	0	0	0	0
Pmaip1	1	0	0	0	0	0
Pmepa1	1	0	0	0	0	0
Pomgnt2	1	0	0	0	0	0
Postn	1	0	0	0	0	0
Ppap2b	1	0	0	0	0	0
Ppapdc3	1	0	0	0	0	0
Ppcs	1	0	0	0	0	0
Ppia	1	0	0	0	0	0
Ppm1b	1	0	0	0	0	0
Ppp1r8	1	0	0	0	0	0
Ppp6c	1	0	0	0	0	0
Preb	1	0	0	0	0	0
Prickle1	1	0	0	0	0	0
Prkab1	1	0	0	0	0	0
Prkag3	1	0	0	0	0	0
Prkrir	1	0	0	0	0	0
Prosc	1	0	0	0	0	0
Prr5	1	0	0	0	0	0
Prrc1	1	0	0	0	0	0
Prss23	1	0	0	0	0	0
Psmb1	1	0	0	0	0	0
Ptcd2	1	0	0	0	0	0
Ptgfrn	1	0	0	0	0	0
Ptgis	1	0	0	0	0	0
Ptpn21	1	0	0	0	0	0
Ptpn3	1	0	0	0	0	0
Pts	1	0	0	0	0	0
Pus7l	1	0	0	0	0	0
Pvrl1	1	0	0	0	0	0
Rab23	1	0	0	0	0	0
Rab33b	1	0	0	0	0	0
Rab7b	1	0	0	0	0	0
Rad23b	1	0	0	0	0	0
Ralgps2	1	0	0	0	0	0
Raph1	1	0	0	0	0	0
Rasal2	1	0	0	0	0	0
Rassf3	1	0	0	0	0	0
Rbm20	1	0	0	0	0	0
Rbm24	1	0	0	0	0	0
Rbm38	1	0	0	0	0	0
Rbms1	1	0	0	0	0	0
Rcor1	1	0	0	0	0	0
Rdh10	1	0	0	0	0	0
Reep3	1	0	0	0	0	0
Rgma	1	0	0	0	0	0
Rgmb	1	0	0	0	0	0
Rgs20	1	0	0	0	0	0
Rhebl1	1	0	0	0	0	0
Rhob	1	0	0	0	0	0
Rhobtb2	1	0	0	0	0	0
Rhoj	1	0	0	0	0	0
Rin2	1	0	0	0	0	0
Rin3	1	0	0	0	0	0
Rmdn2	1	0	0	0	0	0
Rnase4	1	0	0	0	0	0
Rnaseh2b	1	0	0	0	0	0
Rnf111	1	0	0	0	0	0
Ror1	1	0	0	0	0	0
Rpl14	1	0	0	0	0	0
Rpp40	1	0	0	0	0	0
Rps12	1	0	0	0	0	0
Rps6ka3	1	0	0	0	0	0
Rpusd4	1	0	0	0	0	0
Rreb1	1	0	0	0	0	0
Rtn4	1	0	0	0	0	0
Rtn4r	1	0	0	0	0	0
Rttn	1	0	0	0	0	0
Runx1	1	0	0	0	0	0
Rxrb	1	0	0	0	0	0
Rybp	1	0	0	0	0	0
Ryr3	1	0	0	0	0	0
Sbk1	1	0	0	0	0	0
Scn4a	1	0	0	0	0	0
Sdc3	1	0	0	0	0	0
Sdpr	1	0	0	0	0	0
Sec16b	1	0	0	0	0	0
Serpinb6b	1	0	0	0	0	0
Serpinb9g	1	0	0	0	0	0
Sertad4	1	0	0	0	0	0
Sestd1	1	0	0	0	0	0
Setd4	1	0	0	0	0	0
Sft2d2	1	0	0	0	0	0
Sft2d3	1	0	0	0	0	0
Sh3bp4	1	0	0	0	0	0
Shb	1	0	0	0	0	0
Siah2	1	0	0	0	0	0
Sik1	1	0	0	0	0	0
Slc11a2	1	0	0	0	0	0
Slc25a25	1	0	0	0	0	0
Slc25a33	1	0	0	0	0	0
Slc38a2	1	0	0	0	0	0
Slc41a1	1	0	0	0	0	0
Slc4a3	1	0	0	0	0	0
Slc5a6	1	0	0	0	0	0
Slc6a6	1	0	0	0	0	0
Slco4a1	1	0	0	0	0	0
Smad2	1	0	0	0	0	0
Smarce1	1	0	0	0	0	0
Smug1	1	0	0	0	0	0
Snrk	1	0	0	0	0	0
Sntb1	1	0	0	0	0	0
Snx18	1	0	0	0	0	0
Snx19	1	0	0	0	0	0
Socs2	1	0	0	0	0	0
Socs3	1	0	0	0	0	0
Sowahc	1	0	0	0	0	0
Sox8	1	0	0	0	0	0
Sox9	1	0	0	0	0	0
Sparc	1	0	0	0	0	0
Spin1	1	0	0	0	0	0
Spin4	1	0	0	0	0	0
Srd5a3	1	0	0	0	0	0
Srgap3	1	0	0	0	0	0
Srp9	1	0	0	0	0	0
Srsf4	1	0	0	0	0	0
Sspn	1	0	0	0	0	0
Ssx2ip	1	0	0	0	0	0
Stard13	1	0	0	0	0	0
Stim2	1	0	0	0	0	0
Stk24	1	0	0	0	0	0
Stmnd1	1	0	0	0	0	0
Strbp	1	0	0	0	0	0
Stx6	1	0	0	0	0	0
Sucnr1	1	0	0	0	0	0
Susd5	1	0	0	0	0	0
Svil	1	0	0	0	0	0
Sypl	1	0	0	0	0	0
Syt8	1	0	0	0	0	0
Tanc2	1	0	0	0	0	0
Tango6	1	0	0	0	0	0
Taok1	1	0	0	0	0	0
Tbc1d1	1	0	0	0	0	0
Tbc1d23	1	0	0	0	0	0
Tbx1	1	0	0	0	0	0
Tceal1	1	0	0	0	0	0
Tceanc	1	0	0	0	0	0
Tcf12	1	0	0	0	0	0
Tcof1	1	0	0	0	0	0
Tenm3	1	0	0	0	0	0
Tet2	1	0	0	0	0	0
Tfrc	1	0	0	0	0	0
Tgfbr2	1	0	0	0	0	0
Tgif1	1	0	0	0	0	0
Tgm2	1	0	0	0	0	0
Thbs1	1	0	0	0	0	0
Thnsl1	1	0	0	0	0	0
Thoc7	1	0	0	0	0	0
Tjp1	1	0	0	0	0	0
Tle3	1	0	0	0	0	0
Tmem106c	1	0	0	0	0	0
Tmem126b	1	0	0	0	0	0
Tmem167	1	0	0	0	0	0
Tmem17	1	0	0	0	0	0
Tmem38b	1	0	0	0	0	0
Tmem64	1	0	0	0	0	0
Tmem8c	1	0	0	0	0	0
Tmpo	1	0	0	0	0	0
Tnfaip3	1	0	0	0	0	0
Tnfrsf22	1	0	0	0	0	0
Tnfsf15	1	0	0	0	0	0
Tnks2	1	0	0	0	0	0
Tnnc2	1	0	0	0	0	0
Tnpo1	1	0	0	0	0	0
Tnrc6c	1	0	0	0	0	0
Tns3	1	0	0	0	0	0
Tob1	1	0	0	0	0	0
Tomm20	1	0	0	0	0	0
Top1	1	0	0	0	0	0
Tpd52l2	1	0	0	0	0	0
Tpm1	1	0	0	0	0	0
Tram2	1	0	0	0	0	0
Trappc11	1	0	0	0	0	0
Trim63	1	0	0	0	0	0
Trim72	1	0	0	0	0	0
Trio	1	0	0	0	0	0
Trp63	1	0	0	0	0	0
Tsc22d1	1	0	0	0	0	0
Tslp	1	0	0	0	0	0
Tspyl5	1	0	0	0	0	0
Ttc32	1	0	0	0	0	0
Ttpal	1	0	0	0	0	0
Tubb2b	1	0	0	0	0	0
Tubb6	1	0	0	0	0	0
Tube1	1	0	0	0	0	0
U2af1	1	0	0	0	0	0
Ube2h	1	0	0	0	0	0
Ube2j1	1	0	0	0	0	0
Ufm1	1	0	0	0	0	0
Utp6	1	0	0	0	0	0
Uxs1	1	0	0	0	0	0
Vegfa	1	0	0	0	0	0
Vps37b	1	0	0	0	0	0
Vps37c	1	0	0	0	0	0
Vps41	1	0	0	0	0	0
Wbp2	1	0	0	0	0	0
Wnt9a	1	0	0	0	0	0
Wsb1	1	0	0	0	0	0
Ywhaz	1	0	0	0	0	0
Zbtb14	1	0	0	0	0	0
Zc3h11a	1	0	0	0	0	0
Zc3h12a	1	0	0	0	0	0
Zc3hc1	1	0	0	0	0	0
Zcchc2	1	0	0	0	0	0
Zcchc6	1	0	0	0	0	0
Zdhhc20	1	0	0	0	0	0
Zeb1	1	0	0	0	0	0
Zfand5	1	0	0	0	0	0
Zfp266	1	0	0	0	0	0
Zfp275	1	0	0	0	0	0
Zfp36l1	1	0	0	0	0	0
Zfp395	1	0	0	0	0	0
Zfp41	1	0	0	0	0	0
Zfp422	1	0	0	0	0	0
Zfp438	1	0	0	0	0	0
Zfp488	1	0	0	0	0	0
Zfp507	1	0	0	0	0	0
Zfp532	1	0	0	0	0	0
Zfp930	1	0	0	0	0	0
Zhx2	1	0	0	0	0	0
Zmiz1	1	0	0	0	0	0
1110038F14Rik	-1	0	0	0	0	0
1810011O10Rik	-1	0	0	0	0	0
1810013L24Rik	-1	0	0	0	0	0
2700029M09Rik	-1	0	0	0	0	0
5730508B09Rik	-1	0	0	0	0	0
6030458C11Rik	-1	0	0	0	0	0
8430419L09Rik	-1	0	0	0	0	0
AA414768	-1	0	0	0	0	0
Aaas	-1	0	0	0	0	0
Abcb8	-1	0	0	0	0	0
Abcc4	-1	0	0	0	0	0
Abhd11	-1	0	0	0	0	0
Abhd2	-1	0	0	0	0	0
Accs	-1	0	0	0	0	0
Ackr3	-1	0	0	0	0	0
Acsl1	-1	0	0	0	0	0
Adgrg6	-1	0	0	0	0	0
Ado	-1	0	0	0	0	0
Adpgk	-1	0	0	0	0	0
Aebp2	-1	0	0	0	0	0
Agfg1	-1	0	0	0	0	0
Ahr	-1	0	0	0	0	0
Ajuba	-1	0	0	0	0	0
Akap11	-1	0	0	0	0	0
Akap12	-1	0	0	0	0	0
Aldoa	-1	0	0	0	0	0
Alpk2	-1	0	0	0	0	0
Amd1	-1	0	0	0	0	0
Ammecr1l	-1	0	0	0	0	0
Anapc4	-1	0	0	0	0	0
Angel1	-1	0	0	0	0	0
Ank	-1	0	0	0	0	0
Ank3	-1	0	0	0	0	0
Ano6	-1	0	0	0	0	0
Antxr2	-1	0	0	0	0	0
Anxa1	-1	0	0	0	0	0
Anxa5	-1	0	0	0	0	0
Apbb2	-1	0	0	0	0	0
Aph1b	-1	0	0	0	0	0
Aqp1	-1	0	0	0	0	0
Aqp5	-1	0	0	0	0	0
Araf	-1	0	0	0	0	0
Areg	-1	0	0	0	0	0
Arf2	-1	0	0	0	0	0
Arhgap18	-1	0	0	0	0	0
Arhgap5	-1	0	0	0	0	0
Arhgdib	-1	0	0	0	0	0
Arid5b	-1	0	0	0	0	0
Arl4c	-1	0	0	0	0	0
Arntl	-1	0	0	0	0	0
Arsj	-1	0	0	0	0	0
Asap1	-1	0	0	0	0	0
Asb1	-1	0	0	0	0	0
Atf7ip	-1	0	0	0	0	0
Atp1b1	-1	0	0	0	0	0
Atp2b4	-1	0	0	0	0	0
Atp5g1	-1	0	0	0	0	0
Atp5g2	-1	0	0	0	0	0
Atp6v1b2	-1	0	0	0	0	0
Atp6v1g1	-1	0	0	0	0	0
Auh	-1	0	0	0	0	0
B3gnt2	-1	0	0	0	0	0
Baalc	-1	0	0	0	0	0
Banp	-1	0	0	0	0	0
Bard1	-1	0	0	0	0	0
Basp1	-1	0	0	0	0	0
Bbx	-1	0	0	0	0	0
Bcat1	-1	0	0	0	0	0
Bcl2l11	-1	0	0	0	0	0
Bcl7a	-1	0	0	0	0	0
Bcor	-1	0	0	0	0	0
Bhlhe40	-1	0	0	0	0	0
Bicc1	-1	0	0	0	0	0
Bloc1s3	-1	0	0	0	0	0
Bsdc1	-1	0	0	0	0	0
Btc	-1	0	0	0	0	0
Btf3	-1	0	0	0	0	0
Cachd1	-1	0	0	0	0	0
Cacul1	-1	0	0	0	0	0
Camk1d	-1	0	0	0	0	0
Camk1g	-1	0	0	0	0	0
Cand1	-1	0	0	0	0	0
Capn2	-1	0	0	0	0	0
Cav2	-1	0	0	0	0	0
Cbln1	-1	0	0	0	0	0
Ccbe1	-1	0	0	0	0	0
Ccdc130	-1	0	0	0	0	0
Ccdc166	-1	0	0	0	0	0
Ccdc34	-1	0	0	0	0	0
Ccdc71l	-1	0	0	0	0	0
Ccdc73	-1	0	0	0	0	0
Ccdc88a	-1	0	0	0	0	0
Ccl11	-1	0	0	0	0	0
Ccl8	-1	0	0	0	0	0
Ccnd1	-1	0	0	0	0	0
Ccne1	-1	0	0	0	0	0
Ccser2	-1	0	0	0	0	0
Cd2ap	-1	0	0	0	0	0
Cd47	-1	0	0	0	0	0
Cdc23	-1	0	0	0	0	0
Cdc42bpa	-1	0	0	0	0	0
Cdc7	-1	0	0	0	0	0
Cdh2	-1	0	0	0	0	0
Cecr5	-1	0	0	0	0	0
Cep250	-1	0	0	0	0	0
Chac2	-1	0	0	0	0	0
Chrnd	-1	0	0	0	0	0
Chst11	-1	0	0	0	0	0
Chst14	-1	0	0	0	0	0
Chst15	-1	0	0	0	0	0
Ckap4	-1	0	0	0	0	0
Clcn5	-1	0	0	0	0	0
Cldnd1	-1	0	0	0	0	0
Cln6	-1	0	0	0	0	0
Cmah	-1	0	0	0	0	0
Cnot2	-1	0	0	0	0	0
Commd10	-1	0	0	0	0	0
Commd7	-1	0	0	0	0	0
Cpm	-1	0	0	0	0	0
Cradd	-1	0	0	0	0	0
Creb1	-1	0	0	0	0	0
Creb3l2	-1	0	0	0	0	0
Csf1	-1	0	0	0	0	0
Ctcfl	-1	0	0	0	0	0
Ctdp1	-1	0	0	0	0	0
Ctnna1	-1	0	0	0	0	0
Ctsb	-1	0	0	0	0	0
Cux1	-1	0	0	0	0	0
Cxcr4	-1	0	0	0	0	0
Cyp1b1	-1	0	0	0	0	0
Cyr61	-1	0	0	0	0	0
D15Ertd621e	-1	0	0	0	0	0
D16Ertd472e	-1	0	0	0	0	0
D19Bwg1357e	-1	0	0	0	0	0
Dab2	-1	0	0	0	0	0
Dact1	-1	0	0	0	0	0
Dad1	-1	0	0	0	0	0
Dazap2	-1	0	0	0	0	0
Dcbld2	-1	0	0	0	0	0
Dclk1	-1	0	0	0	0	0
Ddx31	-1	0	0	0	0	0
Dedd2	-1	0	0	0	0	0
Defb28	-1	0	0	0	0	0
Dennd1b	-1	0	0	0	0	0
Depdc1a	-1	0	0	0	0	0
Deptor	-1	0	0	0	0	0
Dhrs9	-1	0	0	0	0	0
Dhx40	-1	0	0	0	0	0
Dhx9	-1	0	0	0	0	0
Dis3l2	-1	0	0	0	0	0
Dkk2	-1	0	0	0	0	0
Dnajb4	-1	0	0	0	0	0
Dnajc10	-1	0	0	0	0	0
Dnajc15	-1	0	0	0	0	0
Dnmbp	-1	0	0	0	0	0
Dtwd1	-1	0	0	0	0	0
Dusp22	-1	0	0	0	0	0
Dusp4	-1	0	0	0	0	0
Dusp6	-1	0	0	0	0	0
Ebf1	-1	0	0	0	0	0
Ecsit	-1	0	0	0	0	0
Edn1	-1	0	0	0	0	0
Eea1	-1	0	0	0	0	0
Eed	-1	0	0	0	0	0
Eef1e1	-1	0	0	0	0	0
Ehbp1	-1	0	0	0	0	0
Ehd3	-1	0	0	0	0	0
Eif1	-1	0	0	0	0	0
Eif4b	-1	0	0	0	0	0
Elk3	-1	0	0	0	0	0
Emp1	-1	0	0	0	0	0
En1	-1	0	0	0	0	0
Enc1	-1	0	0	0	0	0
Epha2	-1	0	0	0	0	0
Epn2	-1	0	0	0	0	0
Ercc6l2	-1	0	0	0	0	0
Eri1	-1	0	0	0	0	0
Erich1	-1	0	0	0	0	0
Ermp1	-1	0	0	0	0	0
Errfi1	-1	0	0	0	0	0
Etnk1	-1	0	0	0	0	0
Ets2	-1	0	0	0	0	0
Etv4	-1	0	0	0	0	0
Evc2	-1	0	0	0	0	0
Exoc1	-1	0	0	0	0	0
Exoc2	-1	0	0	0	0	0
Exoc6	-1	0	0	0	0	0
Eya1	-1	0	0	0	0	0
Eya4	-1	0	0	0	0	0
F3	-1	0	0	0	0	0
Fam107b	-1	0	0	0	0	0
Fam110c	-1	0	0	0	0	0
Fam122b	-1	0	0	0	0	0
Fam167a	-1	0	0	0	0	0
Fam180a	-1	0	0	0	0	0
Fam210b	-1	0	0	0	0	0
Fam76a	-1	0	0	0	0	0
Fanca	-1	0	0	0	0	0
Fancf	-1	0	0	0	0	0
Fat1	-1	0	0	0	0	0
Fbxl17	-1	0	0	0	0	0
Fbxo28	-1	0	0	0	0	0
Fbxo31	-1	0	0	0	0	0
Fbxo32	-1	0	0	0	0	0
Fchsd1	-1	0	0	0	0	0
Fgfr1	-1	0	0	0	0	0
Fgfrl1	-1	0	0	0	0	0
Fggy	-1	0	0	0	0	0
Fn1	-1	0	0	0	0	0
Fosl2	-1	0	0	0	0	0
Foxl1	-1	0	0	0	0	0
Foxn3	-1	0	0	0	0	0
Foxo1	-1	0	0	0	0	0
Foxo3	-1	0	0	0	0	0
Foxo6	-1	0	0	0	0	0
Foxq1	-1	0	0	0	0	0
Foxs1	-1	0	0	0	0	0
Furin	-1	0	0	0	0	0
Fut8	-1	0	0	0	0	0
Gadd45g	-1	0	0	0	0	0
Galc	-1	0	0	0	0	0
Galnt1	-1	0	0	0	0	0
Galnt7	-1	0	0	0	0	0
Gatb	-1	0	0	0	0	0
Gdnf	-1	0	0	0	0	0
Gfod1	-1	0	0	0	0	0
Gjb4	-1	0	0	0	0	0
Glipr1	-1	0	0	0	0	0
Glul	-1	0	0	0	0	0
Gnb1l	-1	0	0	0	0	0
Golga4	-1	0	0	0	0	0
Gpam	-1	0	0	0	0	0
Gpcpd1	-1	0	0	0	0	0
Gpr39	-1	0	0	0	0	0
Gpx8	-1	0	0	0	0	0
Gramd3	-1	0	0	0	0	0
Grem1	-1	0	0	0	0	0
Grpel1	-1	0	0	0	0	0
Gstm5	-1	0	0	0	0	0
Gstp2	-1	0	0	0	0	0
Gtdc1	-1	0	0	0	0	0
Gtf2a2	-1	0	0	0	0	0
Gtf2h2	-1	0	0	0	0	0
Gypc	-1	0	0	0	0	0
H2afy	-1	0	0	0	0	0
H3f3a	-1	0	0	0	0	0
H6pd	-1	0	0	0	0	0
Hacd4	-1	0	0	0	0	0
Has2	-1	0	0	0	0	0
Hba-a1	-1	0	0	0	0	0
Hbegf	-1	0	0	0	0	0
Hes1	-1	0	0	0	0	0
Hif1a	-1	0	0	0	0	0
Hilpda	-1	0	0	0	0	0
Hipk2	-1	0	0	0	0	0
Hist2h2bb	-1	0	0	0	0	0
Hjurp	-1	0	0	0	0	0
Hlx	-1	0	0	0	0	0
Hmga2	-1	0	0	0	0	0
Hmgcr	-1	0	0	0	0	0
Hmox1	-1	0	0	0	0	0
Hs6st1	-1	0	0	0	0	0
Hspa12a	-1	0	0	0	0	0
Hspa13	-1	0	0	0	0	0
Hspa2	-1	0	0	0	0	0
Iars	-1	0	0	0	0	0
Ica1	-1	0	0	0	0	0
Id2	-1	0	0	0	0	0
Ier3	-1	0	0	0	0	0
Ier5l	-1	0	0	0	0	0
Iffo2	-1	0	0	0	0	0
Ifitm1	-1	0	0	0	0	0
Ifrd1	-1	0	0	0	0	0
Igfbp4	-1	0	0	0	0	0
Igtp	-1	0	0	0	0	0
Il12a	-1	0	0	0	0	0
Il1rl1	-1	0	0	0	0	0
Immp2l	-1	0	0	0	0	0
Impact	-1	0	0	0	0	0
Inf2	-1	0	0	0	0	0
Insc	-1	0	0	0	0	0
Insig2	-1	0	0	0	0	0
Intu	-1	0	0	0	0	0
Irf2	-1	0	0	0	0	0
Irf2bp2	-1	0	0	0	0	0
Irs1	-1	0	0	0	0	0
Irx2	-1	0	0	0	0	0
Itga6	-1	0	0	0	0	0
Itga7	-1	0	0	0	0	0
Itpr2	-1	0	0	0	0	0
Jag2	-1	0	0	0	0	0
Jak1	-1	0	0	0	0	0
Kbtbd8	-1	0	0	0	0	0
Kif5b	-1	0	0	0	0	0
Kifc5b	-1	0	0	0	0	0
Klf10	-1	0	0	0	0	0
Klf3	-1	0	0	0	0	0
Klf5	-1	0	0	0	0	0
Klf6	-1	0	0	0	0	0
Klf7	-1	0	0	0	0	0
Klhl22	-1	0	0	0	0	0
Klhl42	-1	0	0	0	0	0
Kras	-1	0	0	0	0	0
Krt13	-1	0	0	0	0	0
Krt14	-1	0	0	0	0	0
Krt19	-1	0	0	0	0	0
Laptm4a	-1	0	0	0	0	0
Las1l	-1	0	0	0	0	0
Lca5	-1	0	0	0	0	0
Lclat1	-1	0	0	0	0	0
Leprotl1	-1	0	0	0	0	0
Lifr	-1	0	0	0	0	0
Lin7c	-1	0	0	0	0	0
Lnp	-1	0	0	0	0	0
Lonp2	-1	0	0	0	0	0
Lpar1	-1	0	0	0	0	0
Lpar3	-1	0	0	0	0	0
Lpin2	-1	0	0	0	0	0
Lrig1	-1	0	0	0	0	0
Lrig3	-1	0	0	0	0	0
Lrrk2	-1	0	0	0	0	0
Lsm3	-1	0	0	0	0	0
Ly96	-1	0	0	0	0	0
Lyn	-1	0	0	0	0	0
Lyrm1	-1	0	0	0	0	0
Macc1	-1	0	0	0	0	0
Maff	-1	0	0	0	0	0
Magohb	-1	0	0	0	0	0
Map1b	-1	0	0	0	0	0
Map4k4	-1	0	0	0	0	0
March11	-1	0	0	0	0	0
March7	-1	0	0	0	0	0
Max	-1	0	0	0	0	0
Mb21d2	-1	0	0	0	0	0
Mbd1	-1	0	0	0	0	0
Mbnl2	-1	0	0	0	0	0
Mcm3	-1	0	0	0	0	0
Mdm1	-1	0	0	0	0	0
Me2	-1	0	0	0	0	0
Med13	-1	0	0	0	0	0
Med30	-1	0	0	0	0	0
Mesdc1	-1	0	0	0	0	0
Met	-1	0	0	0	0	0
Mettl16	-1	0	0	0	0	0
Mex3b	-1	0	0	0	0	0
Mfap3l	-1	0	0	0	0	0
Mfhas1	-1	0	0	0	0	0
Mgea5	-1	0	0	0	0	0
Mgl2	-1	0	0	0	0	0
Mgst2	-1	0	0	0	0	0
Mical2	-1	0	0	0	0	0
Mid1ip1	-1	0	0	0	0	0
Mien1	-1	0	0	0	0	0
Mkl1	-1	0	0	0	0	0
Mkln1	-1	0	0	0	0	0
Mmadhc	-1	0	0	0	0	0
Mreg	-1	0	0	0	0	0
Mrpl10	-1	0	0	0	0	0
Mrpl14	-1	0	0	0	0	0
Msc	-1	0	0	0	0	0
Msh6	-1	0	0	0	0	0
Mtap	-1	0	0	0	0	0
Mtg1	-1	0	0	0	0	0
Mtmr10	-1	0	0	0	0	0
Mtmr6	-1	0	0	0	0	0
Mtmr9	-1	0	0	0	0	0
Myeov2	-1	0	0	0	0	0
Mylip	-1	0	0	0	0	0
Nabp1	-1	0	0	0	0	0
Nars	-1	0	0	0	0	0
Ncam1	-1	0	0	0	0	0
Ncoa1	-1	0	0	0	0	0
Ndel1	-1	0	0	0	0	0
Ndfip1	-1	0	0	0	0	0
Ndufa10	-1	0	0	0	0	0
Ndufa3	-1	0	0	0	0	0
Ndufs4	-1	0	0	0	0	0
Nefl	-1	0	0	0	0	0
Nenf	-1	0	0	0	0	0
Nfil3	-1	0	0	0	0	0
Ngf	-1	0	0	0	0	0
Nmi	-1	0	0	0	0	0
Nmt2	-1	0	0	0	0	0
Npnt	-1	0	0	0	0	0
Nprl3	-1	0	0	0	0	0
Nrbf2	-1	0	0	0	0	0
Nrd1	-1	0	0	0	0	0
Nrg1	-1	0	0	0	0	0
Nsg1	-1	0	0	0	0	0
Nsmf	-1	0	0	0	0	0
Ntpcr	-1	0	0	0	0	0
Nudt12	-1	0	0	0	0	0
Nudt4	-1	0	0	0	0	0
Nuf2	-1	0	0	0	0	0
Nup160	-1	0	0	0	0	0
Nup35	-1	0	0	0	0	0
Oat	-1	0	0	0	0	0
Olfml3	-1	0	0	0	0	0
Optn	-1	0	0	0	0	0
Otud1	-1	0	0	0	0	0
Otud4	-1	0	0	0	0	0
P4ha2	-1	0	0	0	0	0
Pabpc1	-1	0	0	0	0	0
Pafah1b1	-1	0	0	0	0	0
Papss1	-1	0	0	0	0	0
Paqr8	-1	0	0	0	0	0
Pard6g	-1	0	0	0	0	0
Parp11	-1	0	0	0	0	0
Parp8	-1	0	0	0	0	0
Parvb	-1	0	0	0	0	0
Pcdh1	-1	0	0	0	0	0
Pced1b	-1	0	0	0	0	0
Pcf11	-1	0	0	0	0	0
Pcna	-1	0	0	0	0	0
Pcsk6	-1	0	0	0	0	0
Pde4d	-1	0	0	0	0	0
Pdgfc	-1	0	0	0	0	0
Pdia5	-1	0	0	0	0	0
Peli2	-1	0	0	0	0	0
Pfdn4	-1	0	0	0	0	0
Pgm1	-1	0	0	0	0	0
Pgrmc2	-1	0	0	0	0	0
Phb	-1	0	0	0	0	0
Phlda1	-1	0	0	0	0	0
Phtf2	-1	0	0	0	0	0
Pi15	-1	0	0	0	0	0
Pigt	-1	0	0	0	0	0
Pik3c2a	-1	0	0	0	0	0
Pik3cb	-1	0	0	0	0	0
Pja2	-1	0	0	0	0	0
Pkdcc	-1	0	0	0	0	0
Plaur	-1	0	0	0	0	0
Plekhf2	-1	0	0	0	0	0
Plekhm3	-1	0	0	0	0	0
Plin2	-1	0	0	0	0	0
Plxnd1	-1	0	0	0	0	0
Pmm1	-1	0	0	0	0	0
Podxl	-1	0	0	0	0	0
Pofut2	-1	0	0	0	0	0
Pogk	-1	0	0	0	0	0
Pold4	-1	0	0	0	0	0
Pomp	-1	0	0	0	0	0
Ppap2a	-1	0	0	0	0	0
Pparg	-1	0	0	0	0	0
Ppm1a	-1	0	0	0	0	0
Ppm1b	-1	0	0	0	0	0
Ppp1cc	-1	0	0	0	0	0
Ppp1r12a	-1	0	0	0	0	0
Ppp2r5a	-1	0	0	0	0	0
Ppp2r5c	-1	0	0	0	0	0
Pqlc3	-1	0	0	0	0	0
Prdm15	-1	0	0	0	0	0
Prkar2b	-1	0	0	0	0	0
Prkg2	-1	0	0	0	0	0
Prmt6	-1	0	0	0	0	0
Prodh	-1	0	0	0	0	0
Prrg4	-1	0	0	0	0	0
Prrx1	-1	0	0	0	0	0
Psd3	-1	0	0	0	0	0
Psmb7	-1	0	0	0	0	0
Psmc6	-1	0	0	0	0	0
Ptcd2	-1	0	0	0	0	0
Pter	-1	0	0	0	0	0
Ptgs1	-1	0	0	0	0	0
Ptgs2	-1	0	0	0	0	0
Ptn	-1	0	0	0	0	0
Ptpn1	-1	0	0	0	0	0
Ptpn13	-1	0	0	0	0	0
Ptpn3	-1	0	0	0	0	0
Ptprd	-1	0	0	0	0	0
Pttg1	-1	0	0	0	0	0
Pus7	-1	0	0	0	0	0
Pvalb	-1	0	0	0	0	0
Pvrl1	-1	0	0	0	0	0
Pwwp2b	-1	0	0	0	0	0
Pxdc1	-1	0	0	0	0	0
Pygm	-1	0	0	0	0	0
Rab11a	-1	0	0	0	0	0
Rab11fip2	-1	0	0	0	0	0
Rab23	-1	0	0	0	0	0
Rab26	-1	0	0	0	0	0
Rab2a	-1	0	0	0	0	0
Rad23b	-1	0	0	0	0	0
Rai14	-1	0	0	0	0	0
Ralb	-1	0	0	0	0	0
Rap2a	-1	0	0	0	0	0
Rapgef1	-1	0	0	0	0	0
Raph1	-1	0	0	0	0	0
Rasa4	-1	0	0	0	0	0
Rbfox2	-1	0	0	0	0	0
Rbpj	-1	0	0	0	0	0
Rbpms	-1	0	0	0	0	0
Rcbtb2	-1	0	0	0	0	0
Rest	-1	0	0	0	0	0
Rfc4	-1	0	0	0	0	0
Rfk	-1	0	0	0	0	0
Rgs16	-1	0	0	0	0	0
Rgs4	-1	0	0	0	0	0
Rictor	-1	0	0	0	0	0
Ripk2	-1	0	0	0	0	0
Rmi2	-1	0	0	0	0	0
Rnd3	-1	0	0	0	0	0
Rnf144b	-1	0	0	0	0	0
Rnf24	-1	0	0	0	0	0
Rpf1	-1	0	0	0	0	0
Rpl14	-1	0	0	0	0	0
Rras2	-1	0	0	0	0	0
Rtn2	-1	0	0	0	0	0
Runx1	-1	0	0	0	0	0
Runx3	-1	0	0	0	0	0
Ryk	-1	0	0	0	0	0
S100a3	-1	0	0	0	0	0
S1pr3	-1	0	0	0	0	0
Saal1	-1	0	0	0	0	0
Saraf	-1	0	0	0	0	0
Scaf11	-1	0	0	0	0	0
Scarb1	-1	0	0	0	0	0
Sdhc	-1	0	0	0	0	0
Sec11c	-1	0	0	0	0	0
Sec31a	-1	0	0	0	0	0
Sec61g	-1	0	0	0	0	0
Sept11	-1	0	0	0	0	0
Serp2	-1	0	0	0	0	0
Sertad2	-1	0	0	0	0	0
Sestd1	-1	0	0	0	0	0
Sfrp1	-1	0	0	0	0	0
Sgk1	-1	0	0	0	0	0
Sh3bp4	-1	0	0	0	0	0
Sh3gl3	-1	0	0	0	0	0
Siglecg	-1	0	0	0	0	0
Sik1	-1	0	0	0	0	0
Sipa1l2	-1	0	0	0	0	0
Six4	-1	0	0	0	0	0
Slain2	-1	0	0	0	0	0
Slc12a2	-1	0	0	0	0	0
Slc1a4	-1	0	0	0	0	0
Slc20a1	-1	0	0	0	0	0
Slc22a23	-1	0	0	0	0	0
Slc23a2	-1	0	0	0	0	0
Slc24a3	-1	0	0	0	0	0
Slc25a33	-1	0	0	0	0	0
Slc2a1	-1	0	0	0	0	0
Slc2a10	-1	0	0	0	0	0
Slc30a1	-1	0	0	0	0	0
Slc30a5	-1	0	0	0	0	0
Slc35b3	-1	0	0	0	0	0
Slc35c1	-1	0	0	0	0	0
Slc38a2	-1	0	0	0	0	0
Slc40a1	-1	0	0	0	0	0
Slco4a1	-1	0	0	0	0	0
Slmo2	-1	0	0	0	0	0
Slpi	-1	0	0	0	0	0
Smad5	-1	0	0	0	0	0
Smad7	-1	0	0	0	0	0
Smc3	-1	0	0	0	0	0
Smndc1	-1	0	0	0	0	0
Snapc3	-1	0	0	0	0	0
Snd1	-1	0	0	0	0	0
Sned1	-1	0	0	0	0	0
Snrpe	-1	0	0	0	0	0
Sntb1	-1	0	0	0	0	0
Snx13	-1	0	0	0	0	0
Snx18	-1	0	0	0	0	0
Snx27	-1	0	0	0	0	0
Soat1	-1	0	0	0	0	0
Socs1	-1	0	0	0	0	0
Socs6	-1	0	0	0	0	0
Sox9	-1	0	0	0	0	0
Sp2	-1	0	0	0	0	0
Sp3	-1	0	0	0	0	0
Sp8	-1	0	0	0	0	0
Spaca6	-1	0	0	0	0	0
Spc25	-1	0	0	0	0	0
Spred1	-1	0	0	0	0	0
Spry4	-1	0	0	0	0	0
Sptlc1	-1	0	0	0	0	0
Sptssa	-1	0	0	0	0	0
Sqle	-1	0	0	0	0	0
Srd5a3	-1	0	0	0	0	0
Srgap3	-1	0	0	0	0	0
Srp9	-1	0	0	0	0	0
Ssbp1	-1	0	0	0	0	0
Stard3nl	-1	0	0	0	0	0
Stim2	-1	0	0	0	0	0
Stk24	-1	0	0	0	0	0
Styk1	-1	0	0	0	0	0
Susd1	-1	0	0	0	0	0
Suv420h2	-1	0	0	0	0	0
Syf2	-1	0	0	0	0	0
Syk	-1	0	0	0	0	0
Syne3	-1	0	0	0	0	0
Syt13	-1	0	0	0	0	0
Tanc1	-1	0	0	0	0	0
Tardbp	-1	0	0	0	0	0
Tars	-1	0	0	0	0	0
Tasp1	-1	0	0	0	0	0
Tbc1d7	-1	0	0	0	0	0
Tbrg4	-1	0	0	0	0	0
Tcerg1	-1	0	0	0	0	0
Tcf7l2	-1	0	0	0	0	0
Tes	-1	0	0	0	0	0
Tet2	-1	0	0	0	0	0
Tgfb2	-1	0	0	0	0	0
Tgm2	-1	0	0	0	0	0
Thap1	-1	0	0	0	0	0
Thsd7a	-1	0	0	0	0	0
Tlk2	-1	0	0	0	0	0
Tlr3	-1	0	0	0	0	0
Tm4sf1	-1	0	0	0	0	0
Tmed3	-1	0	0	0	0	0
Tmem131	-1	0	0	0	0	0
Tmem144	-1	0	0	0	0	0
Tmem167	-1	0	0	0	0	0
Tmem17	-1	0	0	0	0	0
Tmem171	-1	0	0	0	0	0
Tmem182	-1	0	0	0	0	0
Tnc	-1	0	0	0	0	0
Tnfaip3	-1	0	0	0	0	0
Tnfrsf1a	-1	0	0	0	0	0
Tnfsf15	-1	0	0	0	0	0
Tnrc6a	-1	0	0	0	0	0
Tnrc6b	-1	0	0	0	0	0
Tns3	-1	0	0	0	0	0
Tomm20	-1	0	0	0	0	0
Tpcn2	-1	0	0	0	0	0
Tpm1	-1	0	0	0	0	0
Tpra1	-1	0	0	0	0	0
Trib3	-1	0	0	0	0	0
Tril	-1	0	0	0	0	0
Trio	-1	0	0	0	0	0
Trp63	-1	0	0	0	0	0
Tsc22d1	-1	0	0	0	0	0
Tsc22d2	-1	0	0	0	0	0
Tsen2	-1	0	0	0	0	0
Tsku	-1	0	0	0	0	0
Tslp	-1	0	0	0	0	0
Tspan5	-1	0	0	0	0	0
Tspan8	-1	0	0	0	0	0
Ttc32	-1	0	0	0	0	0
Ttc8	-1	0	0	0	0	0
Ttll11	-1	0	0	0	0	0
Tusc1	-1	0	0	0	0	0
Twf1	-1	0	0	0	0	0
Twist2	-1	0	0	0	0	0
Txnrd1	-1	0	0	0	0	0
Ubash3b	-1	0	0	0	0	0
Ubl3	-1	0	0	0	0	0
Ublcp1	-1	0	0	0	0	0
Ubr5	-1	0	0	0	0	0
Upf2	-1	0	0	0	0	0
Uqcrfs1	-1	0	0	0	0	0
Usp11	-1	0	0	0	0	0
Usp12	-1	0	0	0	0	0
Usp2	-1	0	0	0	0	0
Usp24	-1	0	0	0	0	0
Usp3	-1	0	0	0	0	0
Usp31	-1	0	0	0	0	0
Usp38	-1	0	0	0	0	0
Utrn	-1	0	0	0	0	0
Vamp4	-1	0	0	0	0	0
Vangl1	-1	0	0	0	0	0
Vash2	-1	0	0	0	0	0
Vcam1	-1	0	0	0	0	0
Vegfa	-1	0	0	0	0	0
Vegfc	-1	0	0	0	0	0
Vgll2	-1	0	0	0	0	0
Vps37c	-1	0	0	0	0	0
Vps8	-1	0	0	0	0	0
Wipf1	-1	0	0	0	0	0
Wnk1	-1	0	0	0	0	0
Xaf1	-1	0	0	0	0	0
Yipf5	-1	0	0	0	0	0
Ywhah	-1	0	0	0	0	0
Ywhaz	-1	0	0	0	0	0
Zbtb10	-1	0	0	0	0	0
Zbtb14	-1	0	0	0	0	0
Zbtb20	-1	0	0	0	0	0
Zbtb8a	-1	0	0	0	0	0
Zc3h12a	-1	0	0	0	0	0
Zc3h12c	-1	0	0	0	0	0
Zcchc2	-1	0	0	0	0	0
Zdhhc13	-1	0	0	0	0	0
Zfand3	-1	0	0	0	0	0
Zfp217	-1	0	0	0	0	0
Zfp3	-1	0	0	0	0	0
Zfp365	-1	0	0	0	0	0
Zfp36l1	-1	0	0	0	0	0
Zfp36l2	-1	0	0	0	0	0
Zfp462	-1	0	0	0	0	0
Zfp664	-1	0	0	0	0	0
Zfp703	-1	0	0	0	0	0
Zfp706	-1	0	0	0	0	0
Zfp715	-1	0	0	0	0	0
Zfp90	-1	0	0	0	0	0
Zfpm1	-1	0	0	0	0	0
Zfx	-1	0	0	0	0	0
Zkscan17	-1	0	0	0	0	0
Zmiz1	-1	0	0	0	0	0
Zmym2	-1	0	0	0	0	0
Znhit1	-1	0	0	0	0	0
