User authentication: true

Conversion Types: 
AFFYMETRIX_3PRIME_IVT_ID,AFFYMETRIX_EXON_GENE_ID,AFFYMETRIX_SNP_ID,AGILENT_CHIP_ID,AGILENT_ID,AGILENT_OLIGO_ID,ENSEMBL_GENE_ID,ENSEMBL_TRANSCRIPT_ID,ENTREZ_GENE_ID,FLYBASE_GENE_ID,FLYBASE_TRANSCRIPT_ID,GENBANK_ACCESSION,GENOMIC_GI_ACCESSION,GENPEPT_ACCESSION,ILLUMINA_ID,IPI_ID,MGI_ID,PFAM_ID,PIR_ID,PROTEIN_GI_ACCESSION,REFSEQ_GENOMIC,REFSEQ_MRNA,REFSEQ_PROTEIN,REFSEQ_RNA,RGD_ID,SGD_ID,TAIR_ID,UCSC_GENE_ID,UNIGENE,UNIPROT_ACCESSION,UNIPROT_ID,UNIREF100_ID,WORMBASE_GENE_ID,WORMPEP_ID,ZFIN_ID

All available annotation category names: 
BBID,BIND,BIOCARTA,BLOCKS,CGAP_EST_QUARTILE,CGAP_SAGE_QUARTILE,CHROMOSOME,COG_NAME,COG_ONTOLOGY,CYTOBAND,DIP,EC_NUMBER,ENSEMBL_GENE_ID,ENTREZ_GENE_ID,ENTREZ_GENE_SUMMARY,GENETIC_ASSOCIATION_DB_DISEASE,GENERIF_SUMMARY,GNF_U133A_QUARTILE,GENETIC_ASSOCIATION_DB_DISEASE_CLASS,GOTERM_BP_2,GOTERM_BP_1,GOTERM_BP_4,GOTERM_BP_3,GOTERM_BP_FAT,GOTERM_BP_5,GOTERM_CC_1,GOTERM_BP_ALL,GOTERM_CC_3,GOTERM_CC_2,GOTERM_CC_5,GOTERM_CC_4,GOTERM_MF_1,GOTERM_MF_2,GOTERM_CC_FAT,GOTERM_CC_ALL,GOTERM_MF_5,GOTERM_MF_FAT,GOTERM_MF_3,GOTERM_MF_4,HIV_INTERACTION_CATEGORY,HIV_INTERACTION_PUBMED_ID,GOTERM_MF_ALL,HIV_INTERACTION,KEGG_PATHWAY,HOMOLOGOUS_GENE,INTERPRO,OFFICIAL_GENE_SYMBOL,NCICB_CAPATHWAY_INTERACTION,MINT,PANTHER_MF_ALL,PANTHER_FAMILY,PANTHER_BP_ALL,OMIM_DISEASE,PFAM,PANTHER_SUBFAMILY,PANTHER_PATHWAY,PIR_SUPERFAMILY,PIR_SUMMARY,PIR_SEQ_FEATURE,PROSITE,PUBMED_ID,REACTOME_INTERACTION,REACTOME_PATHWAY,PIR_TISSUE_SPECIFICITY,PRINTS,PRODOM,PROFILE,SMART,SP_COMMENT,SP_COMMENT_TYPE,SP_PIR_KEYWORDS,SCOP_CLASS,SCOP_FAMILY,SCOP_FOLD,SCOP_SUPERFAMILY,UP_SEQ_FEATURE,UNIGENE_EST_QUARTILE,ZFIN_ANATOMY,UP_TISSUE,TIGRFAMS,SSF,UCSC_TFBS

upload target gene list
0.8619469026548673 of list was mapped

CurrentList:0 # 0 means the lastest upload gene list; 1 means the wrong list
AllPopulationNames: Homo sapiens
CurrentPopulation: 0

All species: Homo sapiens(486)

Current species: 0

Current Categories: GOTERM_BP_FAT,GOTERM_CC_FAT,GOTERM_MF_FAT,KEGG_PATHWAY,INTERPRO


Total chart records: 322
muscle/cachacia_muscle_diff_offical_genename.lst.tableReport.txt generated
#cachacia_muscle_diff_offical_genename.lst succeed
User authentication: true
Conversion Types: 
AFFYMETRIX_3PRIME_IVT_ID,AFFYMETRIX_EXON_GENE_ID,AFFYMETRIX_SNP_ID,AGILENT_CHIP_ID,AGILENT_ID,AGILENT_OLIGO_ID,ENSEMBL_GENE_ID,ENSEMBL_TRANSCRIPT_ID,ENTREZ_GENE_ID,FLYBASE_GENE_ID,FLYBASE_TRANSCRIPT_ID,GENBANK_ACCESSION,GENOMIC_GI_ACCESSION,GENPEPT_ACCESSION,ILLUMINA_ID,IPI_ID,MGI_ID,PFAM_ID,PIR_ID,PROTEIN_GI_ACCESSION,REFSEQ_GENOMIC,REFSEQ_MRNA,REFSEQ_PROTEIN,REFSEQ_RNA,RGD_ID,SGD_ID,TAIR_ID,UCSC_GENE_ID,UNIGENE,UNIPROT_ACCESSION,UNIPROT_ID,UNIREF100_ID,WORMBASE_GENE_ID,WORMPEP_ID,ZFIN_ID

All available annotation category names: 
BBID,BIND,BIOCARTA,BLOCKS,CGAP_EST_QUARTILE,CGAP_SAGE_QUARTILE,CHROMOSOME,COG_NAME,COG_ONTOLOGY,CYTOBAND,DIP,EC_NUMBER,ENSEMBL_GENE_ID,ENTREZ_GENE_ID,ENTREZ_GENE_SUMMARY,GENETIC_ASSOCIATION_DB_DISEASE,GENERIF_SUMMARY,GNF_U133A_QUARTILE,GENETIC_ASSOCIATION_DB_DISEASE_CLASS,GOTERM_BP_2,GOTERM_BP_1,GOTERM_BP_4,GOTERM_BP_3,GOTERM_BP_FAT,GOTERM_BP_5,GOTERM_CC_1,GOTERM_BP_ALL,GOTERM_CC_3,GOTERM_CC_2,GOTERM_CC_5,GOTERM_CC_4,GOTERM_MF_1,GOTERM_MF_2,GOTERM_CC_FAT,GOTERM_CC_ALL,GOTERM_MF_5,GOTERM_MF_FAT,GOTERM_MF_3,GOTERM_MF_4,HIV_INTERACTION_CATEGORY,HIV_INTERACTION_PUBMED_ID,GOTERM_MF_ALL,HIV_INTERACTION,KEGG_PATHWAY,HOMOLOGOUS_GENE,INTERPRO,OFFICIAL_GENE_SYMBOL,NCICB_CAPATHWAY_INTERACTION,MINT,PANTHER_MF_ALL,PANTHER_FAMILY,PANTHER_BP_ALL,OMIM_DISEASE,PFAM,PANTHER_SUBFAMILY,PANTHER_PATHWAY,PIR_SUPERFAMILY,PIR_SUMMARY,PIR_SEQ_FEATURE,PROSITE,PUBMED_ID,REACTOME_INTERACTION,REACTOME_PATHWAY,PIR_TISSUE_SPECIFICITY,PRINTS,PRODOM,PROFILE,SMART,SP_COMMENT,SP_COMMENT_TYPE,SP_PIR_KEYWORDS,SCOP_CLASS,SCOP_FAMILY,SCOP_FOLD,SCOP_SUPERFAMILY,UP_SEQ_FEATURE,UNIGENE_EST_QUARTILE,ZFIN_ANATOMY,UP_TISSUE,TIGRFAMS,SSF,UCSC_TFBS

upload target gene list
0.8619469026548673 of list was mapped


Valid categories: 
GOTERM_BP_FAT,GOTERM_CC_FAT,GOTERM_MF_FAT,KEGG_PATHWAY,INTERPRO
Total SimpleGeneClusterRecords: 56

muscle/cachacia_muscle_diff_offical_genename.lst.geneClusterReport.txt generated
#cachacia_muscle_diff_offical_genename.lst succeed
User authentication: true
Conversion Types: 
AFFYMETRIX_3PRIME_IVT_ID,AFFYMETRIX_EXON_GENE_ID,AFFYMETRIX_SNP_ID,AGILENT_CHIP_ID,AGILENT_ID,AGILENT_OLIGO_ID,ENSEMBL_GENE_ID,ENSEMBL_TRANSCRIPT_ID,ENTREZ_GENE_ID,FLYBASE_GENE_ID,FLYBASE_TRANSCRIPT_ID,GENBANK_ACCESSION,GENOMIC_GI_ACCESSION,GENPEPT_ACCESSION,ILLUMINA_ID,IPI_ID,MGI_ID,PFAM_ID,PIR_ID,PROTEIN_GI_ACCESSION,REFSEQ_GENOMIC,REFSEQ_MRNA,REFSEQ_PROTEIN,REFSEQ_RNA,RGD_ID,SGD_ID,TAIR_ID,UCSC_GENE_ID,UNIGENE,UNIPROT_ACCESSION,UNIPROT_ID,UNIREF100_ID,WORMBASE_GENE_ID,WORMPEP_ID,ZFIN_ID

All available annotation category names: 
BBID,BIND,BIOCARTA,BLOCKS,CGAP_EST_QUARTILE,CGAP_SAGE_QUARTILE,CHROMOSOME,COG_NAME,COG_ONTOLOGY,CYTOBAND,DIP,EC_NUMBER,ENSEMBL_GENE_ID,ENTREZ_GENE_ID,ENTREZ_GENE_SUMMARY,GENETIC_ASSOCIATION_DB_DISEASE,GENERIF_SUMMARY,GNF_U133A_QUARTILE,GENETIC_ASSOCIATION_DB_DISEASE_CLASS,GOTERM_BP_2,GOTERM_BP_1,GOTERM_BP_4,GOTERM_BP_3,GOTERM_BP_FAT,GOTERM_BP_5,GOTERM_CC_1,GOTERM_BP_ALL,GOTERM_CC_3,GOTERM_CC_2,GOTERM_CC_5,GOTERM_CC_4,GOTERM_MF_1,GOTERM_MF_2,GOTERM_CC_FAT,GOTERM_CC_ALL,GOTERM_MF_5,GOTERM_MF_FAT,GOTERM_MF_3,GOTERM_MF_4,HIV_INTERACTION_CATEGORY,HIV_INTERACTION_PUBMED_ID,GOTERM_MF_ALL,HIV_INTERACTION,KEGG_PATHWAY,HOMOLOGOUS_GENE,INTERPRO,OFFICIAL_GENE_SYMBOL,NCICB_CAPATHWAY_INTERACTION,MINT,PANTHER_MF_ALL,PANTHER_FAMILY,PANTHER_BP_ALL,OMIM_DISEASE,PFAM,PANTHER_SUBFAMILY,PANTHER_PATHWAY,PIR_SUPERFAMILY,PIR_SUMMARY,PIR_SEQ_FEATURE,PROSITE,PUBMED_ID,REACTOME_INTERACTION,REACTOME_PATHWAY,PIR_TISSUE_SPECIFICITY,PRINTS,PRODOM,PROFILE,SMART,SP_COMMENT,SP_COMMENT_TYPE,SP_PIR_KEYWORDS,SCOP_CLASS,SCOP_FAMILY,SCOP_FOLD,SCOP_SUPERFAMILY,UP_SEQ_FEATURE,UNIGENE_EST_QUARTILE,ZFIN_ANATOMY,UP_TISSUE,TIGRFAMS,SSF,UCSC_TFBS

upload target gene list
0.8619469026548673 of list was mapped


Valid categories: 
GOTERM_BP_FAT,GOTERM_CC_FAT,GOTERM_MF_FAT,KEGG_PATHWAY,INTERPRO
Total TermClusterRecords: 116

muscle/cachacia_muscle_diff_offical_genename.lst.termClusterReport.txt generated
#cachacia_muscle_diff_offical_genename.lst succeed
